\BOOKMARK [0][-]{chapter.1}{\376\377\000I\000n\000t\000r\000o\000d\000u\000c\000c\000i\000\363\000n}{}% 1
\BOOKMARK [1][-]{section.1.1}{\376\377\000D\000e\000s\000c\000r\000i\000p\000c\000i\000\363\000n\000\040\000d\000e\000\040\000l\000a\000\040\000R\000e\000d\000\040\000P\000r\000o\000p\000u\000e\000s\000t\000a}{chapter.1}% 2
\BOOKMARK [1][-]{section.1.2}{\376\377\000C\000o\000n\000s\000t\000r\000u\000c\000c\000i\000\363\000n\000\040\000d\000e\000\040\000l\000a\000\040\000R\000e\000d}{chapter.1}% 3
\BOOKMARK [1][-]{section.1.3}{\376\377\000H\000e\000r\000r\000a\000m\000i\000e\000n\000t\000a\000s\000\040\000U\000t\000i\000l\000i\000z\000a\000d\000a\000s}{chapter.1}% 4
\BOOKMARK [2][-]{subsection.1.3.1}{\376\377\000C\000a\000r\000a\000c\000t\000e\000r\000\355\000s\000t\000i\000c\000a\000s\000\040\000d\000e\000l\000\040\000E\000q\000u\000i\000p\000o}{section.1.3}% 5
\BOOKMARK [2][-]{subsection.1.3.2}{\376\377\000S\000o\000f\000t\000w\000a\000r\000e\000\040\000e\000m\000p\000l\000e\000a\000d\000o}{section.1.3}% 6
\BOOKMARK [1][-]{section.1.4}{\376\377\000O\000b\000j\000e\000t\000i\000v\000o\000s\000\040\000d\000e\000l\000\040\000E\000s\000t\000u\000d\000i\000o}{chapter.1}% 7
\BOOKMARK [0][-]{chapter.2}{\376\377\000A\000n\000\341\000l\000i\000s\000i\000s\000\040\000d\000e\000\040\000l\000a\000\040\000r\000e\000d}{}% 8
\BOOKMARK [1][-]{section.2.1}{\376\377\000D\000e\000s\000c\000r\000i\000p\000c\000i\000\363\000n\000\040\000d\000e\000\040\000l\000a\000\040\000r\000e\000d}{chapter.2}% 9
\BOOKMARK [2][-]{subsection.2.1.1}{\376\377\000D\000i\000s\000t\000r\000i\000b\000u\000c\000i\000\363\000n\000\040\000d\000e\000\040\000g\000r\000a\000d\000o}{section.2.1}% 10
\BOOKMARK [1][-]{section.2.2}{\376\377\000A\000n\000\341\000l\000i\000s\000i\000s\000\040\000d\000e\000\040\000c\000e\000n\000t\000r\000a\000l\000i\000d\000a\000d}{chapter.2}% 11
\BOOKMARK [2][-]{subsection.2.2.1}{\376\377\000P\000a\000g\000e\000R\000a\000n\000k}{section.2.2}% 12
\BOOKMARK [2][-]{subsection.2.2.2}{\376\377\000C\000e\000n\000t\000r\000a\000l\000i\000d\000a\000d\000\040\000d\000e\000\040\000I\000n\000t\000e\000r\000m\000e\000d\000i\000a\000c\000i\000\363\000n}{section.2.2}% 13
\BOOKMARK [2][-]{subsection.2.2.3}{\376\377\000C\000e\000n\000t\000r\000a\000l\000i\000d\000a\000d\000\040\000d\000e\000\040\000C\000e\000r\000c\000a\000n\000i\000a}{section.2.2}% 14
\BOOKMARK [2][-]{subsection.2.2.4}{\376\377\000D\000i\000s\000t\000r\000i\000b\000u\000c\000i\000o\000n\000e\000s\000\040\000d\000e\000\040\000C\000e\000n\000t\000r\000a\000l\000i\000d\000a\000d}{section.2.2}% 15
\BOOKMARK [1][-]{section.2.3}{\376\377\000A\000n\000\341\000l\000i\000s\000i\000s\000\040\000d\000e\000\040\000c\000o\000m\000u\000n\000i\000d\000a\000d\000e\000s}{chapter.2}% 16
\BOOKMARK [0][-]{chapter.3}{\376\377\000H\000i\000p\000\363\000t\000e\000s\000i\000s\000\040\000d\000e\000\040\000m\000o\000d\000e\000l\000o\000\040\000d\000e\000\040\000l\000a\000\040\000r\000e\000d}{}% 17
\BOOKMARK [1][-]{section.3.1}{\376\377\000M\000o\000d\000e\000l\000o\000s\000\040\000n\000u\000l\000o\000s}{chapter.3}% 18
\BOOKMARK [2][-]{subsection.3.1.1}{\376\377\000E\000r\000d\001\121\000s\000-\000R\000\351\000n\000y\000i\000\040\000\050\000E\000R\000\051}{section.3.1}% 19
\BOOKMARK [2][-]{subsection.3.1.2}{\376\377\000B\000a\000r\000a\000b\000\341\000s\000i\000-\000A\000l\000b\000e\000r\000t\000\040\000\050\000B\000A\000\051}{section.3.1}% 20
\BOOKMARK [1][-]{section.3.2}{\376\377\000M\000o\000d\000e\000l\000o\000s\000\040\000a\000v\000a\000n\000z\000a\000d\000o\000s}{chapter.3}% 21
\BOOKMARK [2][-]{subsection.3.2.1}{\376\377\000B\000i\000a\000n\000c\000o\000n\000i\000-\000B\000a\000r\000a\000b\000\341\000s\000i\000\040\000\050\000B\000B\000\051}{section.3.2}% 22
\BOOKMARK [2][-]{subsection.3.2.2}{\376\377\000B\000l\000o\000c\000k\000\040\000T\000w\000o\000-\000L\000e\000v\000e\000l\000\040\000E\000r\000d\001\121\000s\000-\000R\000\351\000n\000y\000i\000\040\000\050\000B\000T\000E\000R\000\051}{section.3.2}% 23
\BOOKMARK [2][-]{subsection.3.2.3}{\376\377\000C\000o\000p\000y\000i\000n\000g\000\040\000M\000o\000d\000e\000l}{section.3.2}% 24
\BOOKMARK [2][-]{subsection.3.2.4}{\376\377\000E\000x\000p\000o\000n\000e\000n\000t\000i\000a\000l\000\040\000R\000a\000n\000d\000o\000m\000\040\000G\000r\000a\000p\000h\000\040\000M\000o\000d\000e\000l\000s\000\040\000\050\000E\000R\000G\000M\000\051}{section.3.2}% 25
\BOOKMARK [2][-]{subsection.3.2.5}{\376\377\000S\000t\000o\000c\000h\000a\000s\000t\000i\000c\000\040\000K\000r\000o\000n\000e\000c\000k\000e\000r\000\040\000G\000r\000a\000p\000h\000s}{section.3.2}% 26
\BOOKMARK [2][-]{subsection.3.2.6}{\376\377\000S\000t\000o\000c\000h\000a\000s\000t\000i\000c\000\040\000B\000l\000o\000c\000k\000\040\000M\000o\000d\000e\000l\000\040\000c\000o\000n\000\040\000P\000r\000e\000f\000e\000r\000e\000n\000t\000i\000a\000l\000\040\000A\000t\000t\000a\000c\000h\000m\000e\000n\000t\000\040\000\050\000S\000B\000M\000+\000P\000A\000\051}{section.3.2}% 27
\BOOKMARK [0][-]{chapter.4}{\376\377\000H\000e\000r\000r\000a\000m\000i\000e\000n\000t\000a\000\040\000d\000e\000\040\000v\000i\000s\000u\000a\000l\000i\000z\000a\000c\000i\000\363\000n\000\040\000d\000e\000\040\000l\000a\000\040\000r\000e\000d}{}% 28
\BOOKMARK [1][-]{section.4.1}{\376\377\000A\000r\000q\000u\000i\000t\000e\000c\000t\000u\000r\000a\000\040\000g\000e\000n\000e\000r\000a\000l}{chapter.4}% 29
\BOOKMARK [1][-]{section.4.2}{\376\377\000C\000\341\000l\000c\000u\000l\000o\000s\000\040\000p\000r\000e\000l\000i\000m\000i\000n\000a\000r\000e\000s}{chapter.4}% 30
\BOOKMARK [1][-]{section.4.3}{\376\377\000M\000o\000t\000o\000r\000\040\000d\000e\000\040\000f\000\355\000s\000i\000c\000a\000s}{chapter.4}% 31
\BOOKMARK [1][-]{section.4.4}{\376\377\000M\000\351\000t\000r\000i\000c\000a\000s\000\040\000y\000\040\000m\000o\000d\000o\000s\000\040\000d\000e\000\040\000c\000o\000l\000o\000r}{chapter.4}% 32
\BOOKMARK [1][-]{section.4.5}{\376\377\000M\000o\000d\000o\000\040\000d\000e\000\040\000v\000i\000s\000u\000a\000l\000i\000z\000a\000c\000i\000\363\000n\000\040\000d\000e\000\040\000c\000i\000c\000l\000o\000s}{chapter.4}% 33
\BOOKMARK [1][-]{section.4.6}{\376\377\000I\000n\000v\000e\000r\000s\000i\000\363\000n\000\040\000d\000e\000\040\000c\000o\000l\000o\000r\000e\000s}{chapter.4}% 34
\BOOKMARK [1][-]{section.4.7}{\376\377\000I\000n\000t\000e\000r\000a\000c\000c\000i\000\363\000n}{chapter.4}% 35
\BOOKMARK [2][-]{subsection.4.7.1}{\376\377\000C\000o\000n\000t\000r\000o\000l\000e\000s\000\040\000d\000e\000\040\000t\000e\000c\000l\000a\000d\000o}{section.4.7}% 36
\BOOKMARK [2][-]{subsection.4.7.2}{\376\377\000I\000n\000s\000p\000e\000c\000c\000i\000\363\000n\000\040\000d\000e\000\040\000n\000o\000d\000o\000s}{section.4.7}% 37
\BOOKMARK [0][-]{chapter.5}{\376\377\000C\000o\000n\000c\000l\000u\000s\000i\000o\000n\000e\000s}{}% 38
